2026-03-17 12:52:45.674 [background-preinit] INFO  org.hibernate.validator.internal.util.Version - HV000001: Hibernate Validator 8.0.1.Final
2026-03-17 12:52:45.729 [main] INFO  com.rev.app.P2RevConnectApplication - Starting P2RevConnectApplication using Java 21.0.10 with PID 18012 (C:\Users\mynam\Downloads\R2Develop2.0\R2Develop\P2_Revconnect\target\classes started by mynam in C:\Users\mynam\Downloads\R2Develop2.0)
2026-03-17 12:52:45.734 [main] DEBUG com.rev.app.P2RevConnectApplication - Running with Spring Boot v3.2.3, Spring v6.1.4
2026-03-17 12:52:45.736 [main] INFO  com.rev.app.P2RevConnectApplication - No active profile set, falling back to 1 default profile: "default"
2026-03-17 12:52:48.585 [main] INFO  org.apache.coyote.http11.Http11NioProtocol - Initializing ProtocolHandler ["http-nio-8082"]
2026-03-17 12:52:48.593 [main] INFO  org.apache.catalina.core.StandardService - Starting service [Tomcat]
2026-03-17 12:52:48.594 [main] INFO  org.apache.catalina.core.StandardEngine - Starting Servlet engine: [Apache Tomcat/10.1.19]
2026-03-17 12:52:48.762 [main] INFO  org.apache.catalina.core.ContainerBase.[Tomcat].[localhost].[/] - Initializing Spring embedded WebApplicationContext
2026-03-17 12:52:48.900 [main] INFO  com.zaxxer.hikari.HikariDataSource - HikariPool-1 - Starting...
2026-03-17 12:52:49.719 [main] INFO  com.zaxxer.hikari.pool.HikariPool - HikariPool-1 - Added connection conn0: url=jdbc:h2:mem:revconnectdb user=SA
2026-03-17 12:52:49.724 [main] INFO  com.zaxxer.hikari.HikariDataSource - HikariPool-1 - Start completed.
2026-03-17 12:52:50.145 [main] INFO  org.hibernate.jpa.internal.util.LogHelper - HHH000204: Processing PersistenceUnitInfo [name: default]
2026-03-17 12:52:50.367 [main] INFO  org.hibernate.Version - HHH000412: Hibernate ORM core version 6.4.4.Final
2026-03-17 12:52:50.493 [main] INFO  org.hibernate.cache.internal.RegionFactoryInitiator - HHH000026: Second-level cache disabled
2026-03-17 12:52:51.543 [main] WARN  org.hibernate.orm.deprecation - HHH90000025: H2Dialect does not need to be specified explicitly using 'hibernate.dialect' (remove the property setting and it will be selected by default)
2026-03-17 12:52:56.559 [main] INFO  org.hibernate.engine.transaction.jta.platform.internal.JtaPlatformInitiator - HHH000489: No JTA platform available (set 'hibernate.transaction.jta.platform' to enable JTA platform integration)
2026-03-17 12:53:00.883 [main] DEBUG com.rev.app.security.JwtRequestFilter - Filter 'jwtRequestFilter' configured for use
2026-03-17 12:53:08.521 [main] INFO  org.apache.coyote.http11.Http11NioProtocol - Starting ProtocolHandler ["http-nio-8082"]
2026-03-17 12:53:08.573 [main] INFO  com.rev.app.P2RevConnectApplication - Started P2RevConnectApplication in 23.273 seconds (process running for 24.918)
2026-03-17 12:53:08.578 [main] INFO  com.rev.app.P2RevConnectApplication - RevConnect P2 Application Started Successfully!
2026-03-17 12:53:16.724 [http-nio-8082-exec-1] INFO  org.apache.catalina.core.ContainerBase.[Tomcat].[localhost].[/] - Initializing Spring DispatcherServlet 'dispatcherServlet'
2026-03-17 13:01:34.266 [SpringApplicationShutdownHook] INFO  com.zaxxer.hikari.HikariDataSource - HikariPool-1 - Shutdown initiated...
2026-03-17 13:01:34.311 [SpringApplicationShutdownHook] INFO  com.zaxxer.hikari.HikariDataSource - HikariPool-1 - Shutdown completed.
